<?xml version="1.0" encoding="UTF-8"?>
<!-- Generated by org.testng.reporters.JUnitReportReporter -->
<testsuite skipped="0" hostname="DESKTOP-85GBTRF" name="com.sample.Sample" tests="2" failures="0" timestamp="07 Dec 2022 03:46:18 GMT" time="5.999" errors="0">
  <testcase name="basicAuth" time="5.996" classname="com.sample.Sample"/>
  <testcase name="addAddress" time="0.003" classname="com.sample.Sample"/>
</testsuite> <!-- com.sample.Sample -->
